/home/hjung/proj/Achamber/control/main.py:170: RuntimeWarning: This channel is already in use, continuing anyway.  Use GPIO.setwarnings(False) to disable warnings.
  GPIO.setup(self.outpin, GPIO.OUT, initial=GPIO.HIGH)
/home/hjung/proj/Achamber/control/main.py:201: RuntimeWarning: This channel is already in use, continuing anyway.  Use GPIO.setwarnings(False) to disable warnings.
  GPIO.setup(self.outpin_1, GPIO.OUT, initial=GPIO.LOW)
/home/hjung/proj/Achamber/control/main.py:202: RuntimeWarning: This channel is already in use, continuing anyway.  Use GPIO.setwarnings(False) to disable warnings.
  GPIO.setup(self.outpin_2, GPIO.OUT, initial=GPIO.LOW)
/home/hjung/proj/Achamber/control/main.py:234: RuntimeWarning: This channel is already in use, continuing anyway.  Use GPIO.setwarnings(False) to disable warnings.
  GPIO.setup(self.outpin, GPIO.OUT, initial=GPIO.HIGH)
/home/hjung/proj/Achamber/control/main.py:170: RuntimeWarning: This channel is already in use, continuing anyway.  Use GPIO.setwarnings(False) to disable warnings.
  GPIO.setup(self.outpin, GPIO.OUT, initial=GPIO.HIGH)
/home/hjung/proj/Achamber/control/main.py:201: RuntimeWarning: This channel is already in use, continuing anyway.  Use GPIO.setwarnings(False) to disable warnings.
  GPIO.setup(self.outpin_1, GPIO.OUT, initial=GPIO.LOW)
/home/hjung/proj/Achamber/control/main.py:202: RuntimeWarning: This channel is already in use, continuing anyway.  Use GPIO.setwarnings(False) to disable warnings.
  GPIO.setup(self.outpin_2, GPIO.OUT, initial=GPIO.LOW)
/home/hjung/proj/Achamber/control/main.py:234: RuntimeWarning: This channel is already in use, continuing anyway.  Use GPIO.setwarnings(False) to disable warnings.
  GPIO.setup(self.outpin, GPIO.OUT, initial=GPIO.HIGH)
/home/hjung/proj/Achamber/control/main.py:172: RuntimeWarning: This channel is already in use, continuing anyway.  Use GPIO.setwarnings(False) to disable warnings.
  GPIO.setup(self.outpin, GPIO.OUT, initial=GPIO.HIGH)
/home/hjung/proj/Achamber/control/main.py:203: RuntimeWarning: This channel is already in use, continuing anyway.  Use GPIO.setwarnings(False) to disable warnings.
  GPIO.setup(self.outpin_1, GPIO.OUT, initial=GPIO.LOW)
/home/hjung/proj/Achamber/control/main.py:204: RuntimeWarning: This channel is already in use, continuing anyway.  Use GPIO.setwarnings(False) to disable warnings.
  GPIO.setup(self.outpin_2, GPIO.OUT, initial=GPIO.LOW)
/home/hjung/proj/Achamber/control/main.py:236: RuntimeWarning: This channel is already in use, continuing anyway.  Use GPIO.setwarnings(False) to disable warnings.
  GPIO.setup(self.outpin, GPIO.OUT, initial=GPIO.HIGH)
/home/hjung/proj/Achamber/control/main.py:164: RuntimeWarning: This channel is already in use, continuing anyway.  Use GPIO.setwarnings(False) to disable warnings.
  GPIO.setup(self.outpin, GPIO.OUT, initial=GPIO.HIGH)
/home/hjung/proj/Achamber/control/main.py:195: RuntimeWarning: This channel is already in use, continuing anyway.  Use GPIO.setwarnings(False) to disable warnings.
  GPIO.setup(self.outpin_1, GPIO.OUT, initial=GPIO.LOW)
/home/hjung/proj/Achamber/control/main.py:196: RuntimeWarning: This channel is already in use, continuing anyway.  Use GPIO.setwarnings(False) to disable warnings.
  GPIO.setup(self.outpin_2, GPIO.OUT, initial=GPIO.LOW)
/home/hjung/proj/Achamber/control/main.py:228: RuntimeWarning: This channel is already in use, continuing anyway.  Use GPIO.setwarnings(False) to disable warnings.
  GPIO.setup(self.outpin, GPIO.OUT, initial=GPIO.HIGH)
/home/hjung/proj/Achamber/control/main.py:164: RuntimeWarning: This channel is already in use, continuing anyway.  Use GPIO.setwarnings(False) to disable warnings.
  GPIO.setup(self.outpin, GPIO.OUT, initial=GPIO.HIGH)
/home/hjung/proj/Achamber/control/main.py:195: RuntimeWarning: This channel is already in use, continuing anyway.  Use GPIO.setwarnings(False) to disable warnings.
  GPIO.setup(self.outpin_1, GPIO.OUT, initial=GPIO.LOW)
/home/hjung/proj/Achamber/control/main.py:196: RuntimeWarning: This channel is already in use, continuing anyway.  Use GPIO.setwarnings(False) to disable warnings.
  GPIO.setup(self.outpin_2, GPIO.OUT, initial=GPIO.LOW)
/home/hjung/proj/Achamber/control/main.py:228: RuntimeWarning: This channel is already in use, continuing anyway.  Use GPIO.setwarnings(False) to disable warnings.
  GPIO.setup(self.outpin, GPIO.OUT, initial=GPIO.HIGH)
/home/hjung/proj/Achamber/control/main.py:164: RuntimeWarning: This channel is already in use, continuing anyway.  Use GPIO.setwarnings(False) to disable warnings.
  GPIO.setup(self.outpin, GPIO.OUT, initial=GPIO.HIGH)
/home/hjung/proj/Achamber/control/main.py:195: RuntimeWarning: This channel is already in use, continuing anyway.  Use GPIO.setwarnings(False) to disable warnings.
  GPIO.setup(self.outpin_1, GPIO.OUT, initial=GPIO.LOW)
/home/hjung/proj/Achamber/control/main.py:196: RuntimeWarning: This channel is already in use, continuing anyway.  Use GPIO.setwarnings(False) to disable warnings.
  GPIO.setup(self.outpin_2, GPIO.OUT, initial=GPIO.LOW)
/home/hjung/proj/Achamber/control/main.py:228: RuntimeWarning: This channel is already in use, continuing anyway.  Use GPIO.setwarnings(False) to disable warnings.
  GPIO.setup(self.outpin, GPIO.OUT, initial=GPIO.HIGH)
Traceback (most recent call last):
  File "/home/hjung/proj/Achamber/control/main.py", line 304, in main
    temperature, hummidity = t_h_sensor.poll()
  File "/home/hjung/proj/Achamber/control/main.py", line 156, in poll
    h,t,c = self.handle.read_humidity_temperature_crc()
  File "/home/hjung/proj/Achamber/control/AM2315.py", line 246, in read_humidity_temperature_crc
    self._read_data()
  File "/home/hjung/proj/Achamber/control/AM2315.py", line 202, in _read_data
    self.humidity = ((tmp[2] << 8) | tmp[3]) / 10.0
TypeError: 'NoneType' object is not subscriptable

During handling of the above exception, another exception occurred:

Traceback (most recent call last):
  File "/home/hjung/proj/Achamber/control/main.py", line 374, in <module>
    main()
  File "/home/hjung/proj/Achamber/control/main.py", line 369, in main
    print(traceback.format_exc())
NameError: name 'traceback' is not defined
/home/hjung/proj/Achamber/control/main.py:164: RuntimeWarning: This channel is already in use, continuing anyway.  Use GPIO.setwarnings(False) to disable warnings.
  GPIO.setup(self.outpin, GPIO.OUT, initial=GPIO.HIGH)
/home/hjung/proj/Achamber/control/main.py:195: RuntimeWarning: This channel is already in use, continuing anyway.  Use GPIO.setwarnings(False) to disable warnings.
  GPIO.setup(self.outpin_1, GPIO.OUT, initial=GPIO.LOW)
/home/hjung/proj/Achamber/control/main.py:196: RuntimeWarning: This channel is already in use, continuing anyway.  Use GPIO.setwarnings(False) to disable warnings.
  GPIO.setup(self.outpin_2, GPIO.OUT, initial=GPIO.LOW)
/home/hjung/proj/Achamber/control/main.py:228: RuntimeWarning: This channel is already in use, continuing anyway.  Use GPIO.setwarnings(False) to disable warnings.
  GPIO.setup(self.outpin, GPIO.OUT, initial=GPIO.HIGH)
Traceback (most recent call last):
  File "/home/hjung/proj/Achamber/control/main.py", line 304, in main
    temperature, hummidity = t_h_sensor.poll()
  File "/home/hjung/proj/Achamber/control/main.py", line 156, in poll
    h,t,c = self.handle.read_humidity_temperature_crc()
  File "/home/hjung/proj/Achamber/control/AM2315.py", line 246, in read_humidity_temperature_crc
    self._read_data()
  File "/home/hjung/proj/Achamber/control/AM2315.py", line 202, in _read_data
    self.humidity = ((tmp[2] << 8) | tmp[3]) / 10.0
TypeError: 'NoneType' object is not subscriptable

During handling of the above exception, another exception occurred:

Traceback (most recent call last):
  File "/home/hjung/proj/Achamber/control/main.py", line 374, in <module>
    main()
  File "/home/hjung/proj/Achamber/control/main.py", line 369, in main
    print(traceback.format_exc())
NameError: name 'traceback' is not defined
/home/hjung/proj/Achamber/control/main.py:165: RuntimeWarning: This channel is already in use, continuing anyway.  Use GPIO.setwarnings(False) to disable warnings.
  GPIO.setup(self.outpin, GPIO.OUT, initial=GPIO.HIGH)
/home/hjung/proj/Achamber/control/main.py:196: RuntimeWarning: This channel is already in use, continuing anyway.  Use GPIO.setwarnings(False) to disable warnings.
  GPIO.setup(self.outpin_1, GPIO.OUT, initial=GPIO.LOW)
/home/hjung/proj/Achamber/control/main.py:197: RuntimeWarning: This channel is already in use, continuing anyway.  Use GPIO.setwarnings(False) to disable warnings.
  GPIO.setup(self.outpin_2, GPIO.OUT, initial=GPIO.LOW)
/home/hjung/proj/Achamber/control/main.py:229: RuntimeWarning: This channel is already in use, continuing anyway.  Use GPIO.setwarnings(False) to disable warnings.
  GPIO.setup(self.outpin, GPIO.OUT, initial=GPIO.HIGH)
Traceback (most recent call last):
  File "/home/hjung/proj/Achamber/control/main.py", line 305, in main
    temperature, hummidity = t_h_sensor.poll()
  File "/home/hjung/proj/Achamber/control/main.py", line 157, in poll
    h,t,c = self.handle.read_humidity_temperature_crc()
  File "/home/hjung/proj/Achamber/control/AM2315.py", line 246, in read_humidity_temperature_crc
    self._read_data()
  File "/home/hjung/proj/Achamber/control/AM2315.py", line 202, in _read_data
    self.humidity = ((tmp[2] << 8) | tmp[3]) / 10.0
TypeError: 'NoneType' object is not subscriptable
/home/hjung/proj/Achamber/control/main.py:176: RuntimeWarning: This channel is already in use, continuing anyway.  Use GPIO.setwarnings(False) to disable warnings.
  GPIO.setup(self.outpin, GPIO.OUT, initial=GPIO.HIGH)
/home/hjung/proj/Achamber/control/main.py:207: RuntimeWarning: This channel is already in use, continuing anyway.  Use GPIO.setwarnings(False) to disable warnings.
  GPIO.setup(self.outpin_1, GPIO.OUT, initial=GPIO.LOW)
/home/hjung/proj/Achamber/control/main.py:208: RuntimeWarning: This channel is already in use, continuing anyway.  Use GPIO.setwarnings(False) to disable warnings.
  GPIO.setup(self.outpin_2, GPIO.OUT, initial=GPIO.LOW)
/home/hjung/proj/Achamber/control/main.py:272: RuntimeWarning: This channel is already in use, continuing anyway.  Use GPIO.setwarnings(False) to disable warnings.
  GPIO.setup(self.outpin, GPIO.OUT, initial=GPIO.LOW)
/home/hjung/proj/Achamber/control/main.py:176: RuntimeWarning: This channel is already in use, continuing anyway.  Use GPIO.setwarnings(False) to disable warnings.
  GPIO.setup(self.outpin, GPIO.OUT, initial=GPIO.HIGH)
/home/hjung/proj/Achamber/control/main.py:207: RuntimeWarning: This channel is already in use, continuing anyway.  Use GPIO.setwarnings(False) to disable warnings.
  GPIO.setup(self.outpin_1, GPIO.OUT, initial=GPIO.LOW)
/home/hjung/proj/Achamber/control/main.py:208: RuntimeWarning: This channel is already in use, continuing anyway.  Use GPIO.setwarnings(False) to disable warnings.
  GPIO.setup(self.outpin_2, GPIO.OUT, initial=GPIO.LOW)
/home/hjung/proj/Achamber/control/main.py:272: RuntimeWarning: This channel is already in use, continuing anyway.  Use GPIO.setwarnings(False) to disable warnings.
  GPIO.setup(self.outpin, GPIO.OUT, initial=GPIO.LOW)
Traceback (most recent call last):
  File "/home/hjung/proj/Achamber/control/main.py", line 529, in main
    temperature, humidity = t_h_sensor.poll()
  File "/home/hjung/proj/Achamber/control/main.py", line 457, in poll
    temperature = self.sensor.read_temperature()
  File "/home/hjung/proj/Achamber/control/AM2315.py", line 234, in read_temperature
    self._read_data()
  File "/home/hjung/proj/Achamber/control/AM2315.py", line 202, in _read_data
    self.humidity = ((tmp[2] << 8) | tmp[3]) / 10.0
TypeError: 'NoneType' object is not subscriptable
Traceback (most recent call last):
  File "/home/hjung/proj/Achamber/control/main.py", line 529, in main
    temperature, humidity = t_h_sensor.poll()
  File "/home/hjung/proj/Achamber/control/main.py", line 457, in poll
    temperature = self.sensor.read_temperature()
  File "/home/hjung/proj/Achamber/control/AM2315.py", line 234, in read_temperature
    self._read_data()
  File "/home/hjung/proj/Achamber/control/AM2315.py", line 202, in _read_data
    self.humidity = ((tmp[2] << 8) | tmp[3]) / 10.0
TypeError: 'NoneType' object is not subscriptable
Traceback (most recent call last):
  File "/home/hjung/proj/Achamber/control/main.py", line 11, in <module>
    from DFRobot_SHT3X import *
  File "/home/hjung/proj/Achamber/control/DFRobot_SHT3X.py", line 16, in <module>
    import smbus
ModuleNotFoundError: No module named 'smbus'
Traceback (most recent call last):
  File "/home/hjung/proj/Achamber/control/main.py", line 11, in <module>
    from DFRobot_SHT3X import *
  File "/home/hjung/proj/Achamber/control/DFRobot_SHT3X.py", line 16, in <module>
    import smbus
ModuleNotFoundError: No module named 'smbus'
Traceback (most recent call last):
  File "/home/hjung/proj/Achamber/control/main.py", line 11, in <module>
    from DFRobot_SHT3X import *
  File "/home/hjung/proj/Achamber/control/DFRobot_SHT3X.py", line 16, in <module>
    import smbus
ModuleNotFoundError: No module named 'smbus'
Traceback (most recent call last):
  File "/home/hjung/proj/Achamber/control/main.py", line 11, in <module>
    from DFRobot_SHT3X import *
  File "/home/hjung/proj/Achamber/control/DFRobot_SHT3X.py", line 16, in <module>
    import smbus
ModuleNotFoundError: No module named 'smbus'
Traceback (most recent call last):
  File "/home/hjung/proj/Achamber/control/main.py", line 11, in <module>
    from DFRobot_SHT3X import *
  File "/home/hjung/proj/Achamber/control/DFRobot_SHT3X.py", line 18, in <module>
    import numpy as np
ModuleNotFoundError: No module named 'numpy'
Traceback (most recent call last):
  File "/home/hjung/proj/Achamber/control/main.py", line 11, in <module>
    from DFRobot_SHT3X import *
  File "/home/hjung/proj/Achamber/control/DFRobot_SHT3X.py", line 20, in <module>
    import spidev
ModuleNotFoundError: No module named 'spidev'
